{"date":"2023-08-09T02:06:20.361Z","level":"info","message":"Request received","method":"POST","service":"user-service","url":"/auth/login"}
{"date":"2023-08-09T02:06:20.425Z","level":"error","message":"User does not exist","method":"POST","service":"user-service","url":"/login"}
{"date":"2023-08-09T02:07:05.486Z","level":"info","message":"Request received","method":"POST","service":"user-service","url":"/auth/register"}
{"date":"2023-08-09T02:07:40.664Z","level":"info","message":"Request received","method":"POST","service":"user-service","url":"/auth/register"}
{"date":"2023-08-09T02:07:40.677Z","level":"error","message":"User already exists","method":"POST","service":"user-service","url":"/register"}
{"date":"2023-08-09T02:07:55.947Z","level":"info","message":"Request received","method":"POST","service":"user-service","url":"/auth/register"}
{"date":"2023-08-09T02:08:36.054Z","level":"info","message":"Request received","method":"POST","service":"user-service","url":"/auth/register"}
{"date":"2023-08-09T02:10:26.342Z","level":"info","message":"Request received","method":"POST","service":"user-service","url":"/auth/login"}
{"date":"2023-08-09T02:57:24.424Z","level":"info","message":"Request received","method":"POST","service":"user-service","url":"/auth/login"}
{"date":"2023-08-09T02:58:19.310Z","level":"info","message":"Request received","method":"POST","service":"user-service","url":"/auth/login"}
{"date":"2023-08-09T02:59:07.968Z","level":"info","message":"Request received","method":"POST","service":"user-service","url":"/auth/login"}
{"date":"2023-08-09T02:59:43.995Z","level":"info","message":"Request received","method":"POST","service":"user-service","url":"/auth/login"}
{"date":"2023-08-09T03:00:30.294Z","level":"info","message":"Request received","method":"POST","service":"user-service","url":"/auth/login"}
{"date":"2023-08-09T03:01:07.651Z","level":"info","message":"Request received","method":"POST","service":"user-service","url":"/auth/login"}
{"date":"2023-08-09T03:12:57.883Z","level":"info","message":"Request received","method":"POST","service":"user-service","url":"/auth/login"}
{"date":"2023-08-09T03:16:18.498Z","level":"info","message":"Request received","method":"GET","service":"user-service","url":"/api/admin/user"}
{"date":"2023-08-09T03:18:24.857Z","level":"info","message":"Request received","method":"POST","service":"user-service","url":"/api/auth/login"}
{"date":"2023-08-09T03:18:43.391Z","level":"info","message":"Request received","method":"GET","service":"user-service","url":"/api/admin/user"}
{"date":"2023-08-09T03:18:52.247Z","level":"info","message":"Request received","method":"GET","service":"user-service","url":"/api/admin/user"}
{"date":"2023-08-09T03:19:01.024Z","level":"info","message":"Request received","method":"GET","service":"user-service","url":"/api/admin/user"}
{"date":"2023-08-09T03:19:27.821Z","level":"info","message":"Request received","method":"GET","service":"user-service","url":"/api/user/user"}
{"date":"2023-08-09T03:21:18.648Z","level":"info","message":"Request received","method":"GET","service":"user-service","url":"/api/user/user"}
{"date":"2023-08-09T03:21:32.195Z","level":"info","message":"Request received","method":"GET","service":"user-service","url":"/api/user/user"}
{"date":"2023-08-09T03:21:41.762Z","level":"info","message":"Request received","method":"GET","service":"user-service","url":"/api/user/user"}
{"date":"2023-08-09T03:22:06.999Z","level":"info","message":"Request received","method":"GET","service":"user-service","url":"/api/user/user"}
{"date":"2023-08-09T03:22:16.816Z","level":"info","message":"Request received","method":"GET","service":"user-service","url":"/api/user/user"}
{"date":"2023-08-09T03:24:53.667Z","level":"info","message":"Request received","method":"GET","service":"user-service","url":"/api/user/user"}
{"date":"2023-08-09T03:25:32.084Z","level":"info","message":"Request received","method":"GET","service":"user-service","url":"/api/user/user"}
{"date":"2023-08-09T03:25:41.562Z","level":"info","message":"Request received","method":"GET","service":"user-service","url":"/api/user/user"}
{"date":"2023-08-09T03:26:11.870Z","level":"info","message":"Request received","method":"GET","service":"user-service","url":"/api/user/user"}
{"date":"2023-08-09T03:26:40.557Z","level":"info","message":"Request received","method":"GET","service":"user-service","url":"/api/user/user"}
{"date":"2023-08-09T03:26:47.813Z","level":"info","message":"Request received","method":"GET","service":"user-service","url":"/api/user/user"}
{"date":"2023-08-09T03:27:08.602Z","level":"info","message":"Request received","method":"POST","service":"user-service","url":"/api/auth/login"}
{"date":"2023-08-09T03:27:13.346Z","level":"info","message":"Request received","method":"GET","service":"user-service","url":"/api/user/user"}
{"date":"2023-08-09T03:28:51.964Z","level":"info","message":"Request received","method":"GET","service":"user-service","url":"/api/user/user"}
{"date":"2023-08-09T03:29:14.104Z","level":"info","message":"Request received","method":"GET","service":"user-service","url":"/api/user/user"}
{"date":"2023-08-09T03:29:27.685Z","level":"info","message":"Request received","method":"GET","service":"user-service","url":"/api/user/user"}
{"date":"2023-08-09T03:29:48.839Z","level":"info","message":"Request received","method":"GET","service":"user-service","url":"/api/user/user"}
{"date":"2023-08-09T03:31:00.379Z","level":"info","message":"Request received","method":"GET","service":"user-service","url":"/api/user/user"}
{"date":"2023-08-09T03:31:22.241Z","level":"info","message":"Request received","method":"GET","service":"user-service","url":"/api/user/user"}
{"date":"2023-08-09T03:31:28.912Z","level":"info","message":"Request received","method":"GET","service":"user-service","url":"/api/user/user"}
{"date":"2023-08-09T03:31:46.827Z","level":"info","message":"Request received","method":"GET","service":"user-service","url":"/api/user/user"}
{"date":"2023-08-09T03:31:55.419Z","level":"info","message":"Request received","method":"POST","service":"user-service","url":"/api/auth/login"}
{"date":"2023-08-09T03:32:00.521Z","level":"info","message":"Request received","method":"GET","service":"user-service","url":"/api/user/user"}
{"date":"2023-08-09T03:33:38.991Z","level":"info","message":"Request received","method":"GET","service":"user-service","url":"/api/user/user"}
{"date":"2023-08-09T03:33:41.686Z","level":"info","message":"Request received","method":"GET","service":"user-service","url":"/api/user/user"}
{"date":"2023-08-09T03:33:43.642Z","level":"info","message":"Request received","method":"GET","service":"user-service","url":"/api/user/user"}
{"date":"2023-08-09T03:34:08.761Z","level":"info","message":"Request received","method":"GET","service":"user-service","url":"/api/user/user"}
{"date":"2023-08-09T03:34:10.714Z","level":"info","message":"Request received","method":"GET","service":"user-service","url":"/api/user/user"}
{"date":"2023-08-09T03:36:06.182Z","level":"info","message":"Request received","method":"GET","service":"user-service","url":"/api/user/user"}
{"date":"2023-08-09T03:36:35.037Z","level":"info","message":"Request received","method":"GET","service":"user-service","url":"/api/user/user"}
{"date":"2023-08-09T03:37:00.681Z","level":"info","message":"Request received","method":"GET","service":"user-service","url":"/api/user/user"}
{"date":"2023-08-09T03:37:46.829Z","level":"info","message":"Request received","method":"GET","service":"user-service","url":"/api/user/user"}
{"date":"2023-08-09T03:38:29.658Z","level":"info","message":"Request received","method":"GET","service":"user-service","url":"/api/user/user"}
{"date":"2023-08-09T03:40:30.444Z","level":"info","message":"Request received","method":"GET","service":"user-service","url":"/api/user/user"}
{"date":"2023-08-09T03:40:39.107Z","level":"info","message":"Request received","method":"GET","service":"user-service","url":"/api/user/user"}
{"date":"2023-08-09T03:48:11.687Z","level":"info","message":"Request received","method":"GET","service":"user-service","url":"/api/user/user"}
{"date":"2023-08-09T03:48:14.085Z","level":"info","message":"Request received","method":"GET","service":"user-service","url":"/api/user/user"}
{"date":"2023-08-09T03:48:34.097Z","level":"info","message":"Request received","method":"GET","service":"user-service","url":"/api/user/user"}
{"date":"2023-08-09T03:48:56.231Z","level":"info","message":"Request received","method":"GET","service":"user-service","url":"/api/user/user"}
{"date":"2023-08-09T03:48:57.959Z","level":"info","message":"Request received","method":"GET","service":"user-service","url":"/api/user/user"}
{"date":"2023-08-09T03:49:07.446Z","level":"info","message":"Request received","method":"GET","service":"user-service","url":"/api/user/user"}
{"date":"2023-08-09T03:49:12.306Z","level":"info","message":"Request received","method":"POST","service":"user-service","url":"/api/auth/login"}
{"date":"2023-08-09T03:49:24.220Z","level":"info","message":"Request received","method":"GET","service":"user-service","url":"/api/user/user"}
{"date":"2023-08-09T03:49:30.837Z","level":"info","message":"Request received","method":"GET","service":"user-service","url":"/api/user/user"}
{"date":"2023-08-09T03:49:40.513Z","level":"info","message":"Request received","method":"GET","service":"user-service","url":"/api/user/user"}
{"date":"2023-08-09T03:50:17.587Z","level":"info","message":"Request received","method":"GET","service":"user-service","url":"/api/user/user"}
{"date":"2023-08-09T03:50:19.138Z","level":"info","message":"Request received","method":"GET","service":"user-service","url":"/api/user/user"}
{"date":"2023-08-09T03:50:39.959Z","level":"info","message":"Request received","method":"GET","service":"user-service","url":"/api/user/user"}
{"date":"2023-08-09T03:50:46.304Z","level":"info","message":"Request received","method":"GET","service":"user-service","url":"/api/user/user"}
{"date":"2023-08-09T03:51:00.498Z","level":"info","message":"Request received","method":"GET","service":"user-service","url":"/api/user/user"}
{"date":"2023-08-09T03:51:08.506Z","level":"info","message":"Request received","method":"POST","service":"user-service","url":"/api/auth/login"}
{"date":"2023-08-09T03:51:12.835Z","level":"info","message":"Request received","method":"GET","service":"user-service","url":"/api/user/user"}
{"date":"2023-08-09T03:51:24.709Z","level":"info","message":"Request received","method":"GET","service":"user-service","url":"/api/user/user"}
{"date":"2023-08-09T03:51:26.593Z","level":"info","message":"Request received","method":"GET","service":"user-service","url":"/api/user/user"}
{"date":"2023-08-09T03:51:30.771Z","level":"info","message":"Request received","method":"GET","service":"user-service","url":"/api/user/user"}
{"date":"2023-08-09T03:51:37.423Z","level":"info","message":"Request received","method":"GET","service":"user-service","url":"/api/user/user"}
{"date":"2023-08-09T03:51:47.402Z","level":"info","message":"Request received","method":"GET","service":"user-service","url":"/api/user/user"}
{"date":"2023-08-09T03:52:10.680Z","level":"info","message":"Request received","method":"GET","service":"user-service","url":"/api/user/user"}
{"date":"2023-08-09T03:52:13.402Z","level":"info","message":"Request received","method":"GET","service":"user-service","url":"/api/user/user"}
{"date":"2023-08-09T03:52:25.620Z","level":"info","message":"Request received","method":"GET","service":"user-service","url":"/api/user/user"}
{"date":"2023-08-09T03:52:36.991Z","level":"info","message":"Request received","method":"GET","service":"user-service","url":"/api/user/user"}
{"date":"2023-08-09T03:52:38.762Z","level":"info","message":"Request received","method":"GET","service":"user-service","url":"/api/user/user"}
{"date":"2023-08-09T03:52:45.987Z","level":"info","message":"Request received","method":"GET","service":"user-service","url":"/api/user/user"}
{"date":"2023-08-09T03:52:49.333Z","level":"info","message":"Request received","method":"GET","service":"user-service","url":"/api/user/user"}
{"date":"2023-08-09T03:52:56.579Z","level":"info","message":"Request received","method":"GET","service":"user-service","url":"/api/user/user"}
{"date":"2023-08-09T03:53:04.827Z","level":"info","message":"Request received","method":"GET","service":"user-service","url":"/api/user/user"}
{"date":"2023-08-09T03:53:12.612Z","level":"info","message":"Request received","method":"GET","service":"user-service","url":"/api/user/user"}
{"date":"2023-08-09T03:53:24.982Z","level":"info","message":"Request received","method":"GET","service":"user-service","url":"/api/user/user"}
{"date":"2023-08-09T03:53:35.632Z","level":"info","message":"Request received","method":"GET","service":"user-service","url":"/api/user/user"}
{"date":"2023-08-09T03:53:41.534Z","level":"info","message":"Request received","method":"GET","service":"user-service","url":"/api/user/user"}
{"date":"2023-08-09T03:54:27.985Z","level":"info","message":"Request received","method":"GET","service":"user-service","url":"/api/user/user"}
{"date":"2023-08-09T03:54:31.676Z","level":"info","message":"Request received","method":"GET","service":"user-service","url":"/api/user/user"}
{"date":"2023-08-09T03:54:33.100Z","level":"info","message":"Request received","method":"GET","service":"user-service","url":"/api/user/user"}
{"date":"2023-08-09T03:54:36.274Z","level":"info","message":"Request received","method":"GET","service":"user-service","url":"/api/user/user"}
{"date":"2023-08-09T03:56:42.956Z","level":"info","message":"Request received","method":"POST","service":"user-service","url":"/auth/login"}
{"date":"2023-08-09T03:56:49.529Z","level":"info","message":"Request received","method":"POST","service":"user-service","url":"/api/auth/login"}
{"date":"2023-08-09T03:56:57.168Z","level":"info","message":"Request received","method":"GET","service":"user-service","url":"/api/user/user"}
{"date":"2023-08-09T03:56:59.611Z","level":"info","message":"Request received","method":"GET","service":"user-service","url":"/api/user/user"}
{"date":"2023-08-09T03:57:06.610Z","level":"info","message":"Request received","method":"GET","service":"user-service","url":"/api/user/user"}
{"date":"2023-08-09T03:57:14.162Z","level":"info","message":"Request received","method":"GET","service":"user-service","url":"/api/user/user"}
{"date":"2023-08-09T04:02:32.632Z","level":"info","message":"Request received","method":"GET","service":"user-service","url":"/api/user/user"}
{"date":"2023-08-09T04:03:00.805Z","level":"info","message":"Request received","method":"GET","service":"user-service","url":"/api/user/user"}
{"date":"2023-08-09T04:03:31.903Z","level":"info","message":"Request received","method":"GET","service":"user-service","url":"/api/user/user"}
{"date":"2023-08-09T04:05:43.521Z","level":"info","message":"Request received","method":"GET","service":"user-service","url":"/api/user/user"}
{"date":"2023-08-09T04:06:04.695Z","level":"info","message":"Request received","method":"GET","service":"user-service","url":"/api/user/user"}
{"date":"2023-08-09T04:06:11.025Z","level":"info","message":"Request received","method":"GET","service":"user-service","url":"/api/user/user"}
{"date":"2023-08-09T04:06:36.048Z","level":"info","message":"Request received","method":"GET","service":"user-service","url":"/api/user/user"}
{"date":"2023-08-09T04:12:27.283Z","level":"info","message":"Request received","method":"POST","service":"user-service","url":"/api/auth/login"}
{"date":"2023-08-09T04:12:31.508Z","level":"info","message":"Request received","method":"GET","service":"user-service","url":"/api/user/user"}
{"date":"2023-08-09T04:12:33.132Z","level":"info","message":"Request received","method":"GET","service":"user-service","url":"/api/user/user"}
{"date":"2023-08-09T04:13:27.782Z","level":"info","message":"Request received","method":"GET","service":"user-service","url":"/api/user/user"}
{"date":"2023-08-09T04:13:29.170Z","level":"info","message":"Request received","method":"GET","service":"user-service","url":"/api/user/user"}
{"date":"2023-08-09T04:13:38.793Z","level":"info","message":"Request received","method":"GET","service":"user-service","url":"/api/user/user"}
{"date":"2023-08-09T04:14:16.347Z","level":"info","message":"Request received","method":"GET","service":"user-service","url":"/api/user/user"}
{"date":"2023-08-09T04:16:35.422Z","level":"info","message":"Request received","method":"POST","service":"user-service","url":"/api/auth/login"}
{"date":"2023-08-09T04:16:40.623Z","level":"info","message":"Request received","method":"GET","service":"user-service","url":"/api/user/user"}
{"date":"2023-08-09T04:16:42.331Z","level":"info","message":"Request received","method":"GET","service":"user-service","url":"/api/user/user"}
{"date":"2023-08-09T04:16:57.268Z","level":"info","message":"Request received","method":"GET","service":"user-service","url":"/api/user/user"}
{"date":"2023-08-09T04:16:58.475Z","level":"info","message":"Request received","method":"GET","service":"user-service","url":"/api/user/user"}
{"date":"2023-08-09T04:17:02.239Z","level":"info","message":"Request received","method":"POST","service":"user-service","url":"/api/auth/login"}
{"date":"2023-08-09T04:17:07.685Z","level":"info","message":"Request received","method":"GET","service":"user-service","url":"/api/user/user"}
{"date":"2023-08-09T04:20:40.852Z","level":"info","message":"Request received","method":"POST","service":"user-service","url":"/api/auth/login"}
{"date":"2023-08-09T04:20:45.790Z","level":"info","message":"Request received","method":"GET","service":"user-service","url":"/api/user/user"}
{"date":"2023-08-09T04:20:47.305Z","level":"info","message":"Request received","method":"GET","service":"user-service","url":"/api/user/user"}
{"date":"2023-08-09T04:21:10.482Z","level":"info","message":"Request received","method":"GET","service":"user-service","url":"/api/user/user"}
{"date":"2023-08-09T04:21:11.927Z","level":"info","message":"Request received","method":"GET","service":"user-service","url":"/api/user/user"}
{"date":"2023-08-09T04:21:25.460Z","level":"info","message":"Request received","method":"POST","service":"user-service","url":"/api/auth/login"}
{"date":"2023-08-09T04:21:25.644Z","level":"error","message":"user is not defined","method":"POST","service":"user-service","url":"/login"}
{"date":"2023-08-09T04:21:36.230Z","level":"info","message":"Request received","method":"POST","service":"user-service","url":"/api/auth/login"}
{"date":"2023-08-09T04:21:47.808Z","level":"info","message":"Request received","method":"GET","service":"user-service","url":"/api/user/user"}
{"date":"2023-08-09T04:22:20.528Z","level":"info","message":"Request received","method":"POST","service":"user-service","url":"/api/auth/login"}
{"date":"2023-08-09T04:22:24.995Z","level":"info","message":"Request received","method":"GET","service":"user-service","url":"/api/user/user"}
{"date":"2023-08-09T04:22:31.325Z","level":"info","message":"Request received","method":"GET","service":"user-service","url":"/api/admin/user"}
{"date":"2023-08-09T04:23:06.006Z","level":"info","message":"Request received","method":"GET","service":"user-service","url":"/api/admin/user"}
{"date":"2023-08-09T04:23:30.701Z","level":"info","message":"Request received","method":"GET","service":"user-service","url":"/api/admin/user"}
{"date":"2023-08-09T04:23:32.220Z","level":"info","message":"Request received","method":"GET","service":"user-service","url":"/api/admin/user"}
{"date":"2023-08-09T04:23:33.600Z","level":"info","message":"Request received","method":"GET","service":"user-service","url":"/api/admin/user"}
{"date":"2023-08-09T04:23:44.082Z","level":"info","message":"Request received","method":"GET","service":"user-service","url":"/api/user/user"}
{"date":"2023-08-09T04:24:14.095Z","level":"info","message":"Request received","method":"GET","service":"user-service","url":"/api/user/user"}
{"date":"2023-08-09T04:24:30.710Z","level":"info","message":"Request received","method":"GET","service":"user-service","url":"/api/user/user"}
{"date":"2023-08-09T04:24:34.525Z","level":"info","message":"Request received","method":"GET","service":"user-service","url":"/api/user/user"}
{"date":"2023-08-09T04:25:04.859Z","level":"info","message":"Request received","method":"GET","service":"user-service","url":"/api/user/user"}
{"date":"2023-08-09T04:25:06.301Z","level":"info","message":"Request received","method":"GET","service":"user-service","url":"/api/user/user"}
{"date":"2023-08-09T04:25:07.514Z","level":"info","message":"Request received","method":"GET","service":"user-service","url":"/api/user/user"}
{"date":"2023-08-09T04:25:16.400Z","level":"info","message":"Request received","method":"GET","service":"user-service","url":"/api/user/user"}
{"date":"2023-08-09T04:25:17.699Z","level":"info","message":"Request received","method":"GET","service":"user-service","url":"/api/user/user"}
{"date":"2023-08-09T04:25:34.356Z","level":"info","message":"Request received","method":"GET","service":"user-service","url":"/api/user/user"}
{"date":"2023-08-09T04:36:08.346Z","level":"info","message":"Request received","method":"GET","service":"user-service","url":"/api/user/user"}
{"date":"2023-08-09T04:36:11.572Z","level":"info","message":"Request received","method":"GET","service":"user-service","url":"/api/user/user"}
{"date":"2023-08-09T04:36:25.343Z","level":"info","message":"Request received","method":"GET","service":"user-service","url":"/api/user/info"}
{"date":"2023-08-09T04:36:35.462Z","level":"info","message":"Request received","method":"GET","service":"user-service","url":"/api/user/info"}
{"date":"2023-08-09T04:36:48.658Z","level":"info","message":"Request received","method":"GET","service":"user-service","url":"/api/admin/info"}
{"date":"2023-08-09T04:36:54.611Z","level":"info","message":"Request received","method":"GET","service":"user-service","url":"/api/admin/info"}
{"date":"2023-08-09T04:37:07.665Z","level":"info","message":"Request received","method":"GET","service":"user-service","url":"/api/user/info"}
{"date":"2023-08-09T04:37:19.953Z","level":"info","message":"Request received","method":"GET","service":"user-service","url":"/api/user/info"}
{"date":"2023-08-09T04:37:52.715Z","level":"info","message":"Request received","method":"GET","service":"user-service","url":"/api/user/info"}
{"date":"2023-08-09T04:37:58.116Z","level":"info","message":"Request received","method":"POST","service":"user-service","url":"/api/auth/login"}
{"date":"2023-08-09T04:38:13.698Z","level":"info","message":"Request received","method":"POST","service":"user-service","url":"/api/auth/login"}
{"date":"2023-08-09T04:38:24.984Z","level":"info","message":"Request received","method":"GET","service":"user-service","url":"/api/user/info"}
{"date":"2023-08-09T04:38:26.368Z","level":"info","message":"Request received","method":"GET","service":"user-service","url":"/api/user/info"}
{"date":"2023-08-09T04:41:00.368Z","level":"info","message":"Request received","method":"POST","service":"user-service","url":"/api/auth/login"}
{"date":"2023-08-09T04:41:00.567Z","level":"error","message":"jwt is not defined","method":"POST","service":"user-service","url":"/login"}
{"date":"2023-08-09T04:41:25.454Z","level":"info","message":"Request received","method":"POST","service":"user-service","url":"/api/auth/login"}
{"date":"2023-08-09T04:41:31.762Z","level":"info","message":"Request received","method":"GET","service":"user-service","url":"/api/user/info"}
{"date":"2023-08-09T04:41:33.239Z","level":"info","message":"Request received","method":"GET","service":"user-service","url":"/api/user/info"}
{"date":"2023-08-09T04:42:05.679Z","level":"info","message":"Request received","method":"GET","service":"user-service","url":"/api/user/info"}
{"date":"2023-08-09T04:42:13.202Z","level":"info","message":"Request received","method":"GET","service":"user-service","url":"/api/user/info"}
{"date":"2023-08-09T04:42:14.541Z","level":"info","message":"Request received","method":"GET","service":"user-service","url":"/api/user/info"}
{"date":"2023-08-09T04:44:08.582Z","level":"info","message":"Request received","method":"POST","service":"user-service","url":"/api/auth/login"}
{"date":"2023-08-09T04:44:08.829Z","level":"error","message":"User is not defined","method":"POST","service":"user-service","url":"/login"}
{"date":"2023-08-09T04:44:57.947Z","level":"info","message":"Request received","method":"POST","service":"user-service","url":"/api/auth/login"}
{"date":"2023-08-09T04:44:58.007Z","level":"error","message":"Cannot access 'user' before initialization","method":"POST","service":"user-service","url":"/login"}
{"date":"2023-08-09T04:45:31.697Z","level":"info","message":"Request received","method":"POST","service":"user-service","url":"/api/auth/login"}
{"date":"2023-08-09T04:47:51.815Z","level":"info","message":"Request received","method":"POST","service":"user-service","url":"/api/auth/login"}
{"date":"2023-08-09T04:47:56.897Z","level":"info","message":"Request received","method":"GET","service":"user-service","url":"/api/user/info"}
{"date":"2023-08-09T04:47:59.574Z","level":"info","message":"Request received","method":"GET","service":"user-service","url":"/api/user/info"}
{"date":"2023-08-09T04:50:56.929Z","level":"info","message":"Request received","method":"GET","service":"user-service","url":"/api/user/info"}
{"date":"2023-08-09T04:51:10.401Z","level":"info","message":"Request received","method":"POST","service":"user-service","url":"/api/auth/login"}
{"date":"2023-08-09T04:51:15.231Z","level":"info","message":"Request received","method":"GET","service":"user-service","url":"/api/user/info"}
{"date":"2023-08-09T04:51:22.426Z","level":"info","message":"Request received","method":"GET","service":"user-service","url":"/api/user/info"}
{"date":"2023-08-09T04:51:24.395Z","level":"info","message":"Request received","method":"GET","service":"user-service","url":"/api/user/info"}
{"date":"2023-08-09T04:51:29.330Z","level":"info","message":"Request received","method":"POST","service":"user-service","url":"/api/auth/login"}
{"date":"2023-08-09T04:51:35.308Z","level":"info","message":"Request received","method":"GET","service":"user-service","url":"/api/user/info"}
{"date":"2023-08-09T04:51:38.736Z","level":"info","message":"Request received","method":"GET","service":"user-service","url":"/api/user/info"}
{"date":"2023-08-09T04:52:20.480Z","level":"info","message":"Request received","method":"POST","service":"user-service","url":"/api/auth/login"}
{"date":"2023-08-09T04:52:24.820Z","level":"info","message":"Request received","method":"GET","service":"user-service","url":"/api/user/info"}
{"date":"2023-08-09T04:52:37.522Z","level":"info","message":"Request received","method":"POST","service":"user-service","url":"/api/auth/login"}
{"date":"2023-08-09T04:52:41.996Z","level":"info","message":"Request received","method":"GET","service":"user-service","url":"/api/user/info"}
{"date":"2023-08-09T04:52:48.231Z","level":"info","message":"Request received","method":"GET","service":"user-service","url":"/api/admin/info"}
{"date":"2023-08-09T04:52:56.057Z","level":"info","message":"Request received","method":"GET","service":"user-service","url":"/api/admin/info"}
{"date":"2023-08-09T04:52:58.930Z","level":"info","message":"Request received","method":"GET","service":"user-service","url":"/api/admin/info"}
{"date":"2023-08-11T15:41:32.891Z","level":"info","message":"Request received","method":"POST","service":"user-service","url":"/api/auth/login"}
{"date":"2023-08-11T15:41:32.960Z","level":"error","message":"User does not exist","method":"POST","service":"user-service","url":"/login"}
{"date":"2023-08-11T15:41:41.840Z","level":"info","message":"Request received","method":"POST","service":"user-service","url":"/api/auth/register"}
{"date":"2023-08-11T15:41:56.853Z","level":"info","message":"Request received","method":"POST","service":"user-service","url":"/api/auth/login"}
{"date":"2023-08-11T15:41:56.911Z","level":"error","message":"User does not exist","method":"POST","service":"user-service","url":"/login"}
{"date":"2023-08-11T15:42:17.978Z","level":"info","message":"Request received","method":"POST","service":"user-service","url":"/api/auth/login"}
{"date":"2023-08-11T21:27:55.118Z","level":"info","message":"Request received","method":"POST","service":"user-service","url":"/api/auth/register"}
{"date":"2023-08-11T21:28:25.262Z","level":"error","message":"Could not connect to any servers in your MongoDB Atlas cluster. One common reason is that you're trying to access the database from an IP that isn't whitelisted. Make sure your current IP address is on your Atlas cluster's IP whitelist: https://www.mongodb.com/docs/atlas/security-whitelist/","method":"POST","service":"user-service","url":"/register"}
{"date":"2023-08-11T21:29:25.113Z","level":"info","message":"Request received","method":"POST","service":"user-service","url":"/api/auth/register"}
{"date":"2023-08-11T21:29:35.169Z","level":"error","message":"Operation `users.findOne()` buffering timed out after 10000ms","method":"POST","service":"user-service","url":"/register"}
{"date":"2023-08-11T22:20:40.975Z","level":"info","message":"Request received","method":"POST","service":"user-service","url":"/api/auth/register"}
{"date":"2023-08-11T22:20:51.020Z","level":"error","message":"Operation `users.findOne()` buffering timed out after 10000ms","method":"POST","service":"user-service","url":"/register"}
{"date":"2023-08-11T22:55:31.205Z","level":"info","message":"Request received","method":"POST","service":"user-service","url":"/api/auth/register"}
{"date":"2023-08-11T22:55:41.234Z","level":"error","message":"Operation `users.findOne()` buffering timed out after 10000ms","method":"POST","service":"user-service","url":"/register"}
{"date":"2023-08-12T08:22:10.213Z","level":"info","message":"Request received","method":"POST","service":"user-service","url":"/api/auth/register"}
{"date":"2023-08-12T08:22:25.527Z","level":"info","message":"Request received","method":"POST","service":"user-service","url":"/api/auth/login"}
{"date":"2023-08-14T21:49:21.596Z","level":"info","message":"Request received","method":"POST","service":"user-service","url":"/api/auth/register"}
{"date":"2023-08-14T21:49:31.622Z","level":"error","message":"Operation `users.findOne()` buffering timed out after 10000ms","method":"POST","service":"user-service","url":"/register"}
{"date":"2023-08-14T21:49:43.326Z","level":"info","message":"Request received","method":"POST","service":"user-service","url":"/api/auth/login"}
{"date":"2023-08-14T21:49:53.351Z","level":"error","message":"Operation `users.findOne()` buffering timed out after 10000ms","method":"POST","service":"user-service","url":"/login"}
{"date":"2023-08-15T09:08:36.558Z","level":"info","message":"Request received","method":"POST","service":"user-service","url":"/api/auth/register"}
{"date":"2023-08-15T09:08:36.733Z","level":"error","message":"User already exists","method":"POST","service":"user-service","url":"/register"}
{"date":"2023-08-15T09:08:45.450Z","level":"info","message":"Request received","method":"POST","service":"user-service","url":"/api/auth/register"}
